<?xml version="1.0" encoding="utf-8"?><testsuites name="pytest tests"><testsuite name="pytest" errors="0" failures="0" skipped="0" tests="13" time="2.546" timestamp="2026-02-18T16:01:07.162689+00:00" hostname="agent-env-48353e33-53e0-41df-883a-ad37c0c48d4d"><testcase classname="backend.tests.test_api.TestHealthEndpoint" name="test_health_check" time="0.199" /><testcase classname="backend.tests.test_api.TestHealthEndpoint" name="test_api_root" time="0.212" /><testcase classname="backend.tests.test_api.TestLocationsEndpoint" name="test_get_all_locations" time="0.275" /><testcase classname="backend.tests.test_api.TestLocationsEndpoint" name="test_get_paris_16_location" time="0.160" /><testcase classname="backend.tests.test_api.TestLocationsEndpoint" name="test_get_paris_17_location" time="0.138" /><testcase classname="backend.tests.test_api.TestLocationsEndpoint" name="test_get_neuilly_location" time="0.188" /><testcase classname="backend.tests.test_api.TestLocationsEndpoint" name="test_get_nonexistent_location" time="0.148" /><testcase classname="backend.tests.test_api.TestServicesEndpoint" name="test_get_all_services" time="0.166" /><testcase classname="backend.tests.test_api.TestContactEndpoint" name="test_contact_form_submission_success" time="0.142" /><testcase classname="backend.tests.test_api.TestContactEndpoint" name="test_contact_form_minimal_data" time="0.198" /><testcase classname="backend.tests.test_api.TestContactEndpoint" name="test_contact_form_missing_name" time="0.150" /><testcase classname="backend.tests.test_api.TestContactEndpoint" name="test_contact_form_missing_email" time="0.244" /><testcase classname="backend.tests.test_api.TestContactEndpoint" name="test_contact_form_missing_message" time="0.216" /></testsuite></testsuites>